<?xml version="1.0" encoding="UTF-8"?>
<testng-results skipped="0" failed="0" ignored="0" total="1" passed="1">
  <reporter-output>
  </reporter-output>
  <suite name="Default suite" duration-ms="2338" started-at="2020-03-19T01:07:42Z" finished-at="2020-03-19T01:07:45Z">
    <groups>
    </groups>
    <test name="Default test" duration-ms="2338" started-at="2020-03-19T01:07:42Z" finished-at="2020-03-19T01:07:45Z">
      <class name="org.restclient.GetAPI">
        <test-method status="PASS" signature="setup()[pri:0, instance:org.restclient.GetAPI@2a2d45ba]" name="setup" is-config="true" duration-ms="12" started-at="2020-03-19T01:07:42Z" finished-at="2020-03-19T01:07:42Z">
          <reporter-output>
          </reporter-output>
        </test-method> <!-- setup -->
        <test-method status="PASS" signature="getApi()[pri:0, instance:org.restclient.GetAPI@2a2d45ba]" name="getApi" duration-ms="2282" started-at="2020-03-19T01:07:42Z" finished-at="2020-03-19T01:07:45Z">
          <reporter-output>
          </reporter-output>
        </test-method> <!-- getApi -->
      </class> <!-- org.restclient.GetAPI -->
    </test> <!-- Default test -->
  </suite> <!-- Default suite -->
</testng-results>
